<?xml version="1.0" encoding="UTF-8"?>
<testng-results ignored="0" total="1" passed="1" failed="0" skipped="0">
  <reporter-output>
  </reporter-output>
  <suite started-at="2021-03-25T10:55:48 IST" name="Suite" finished-at="2021-03-25T10:55:55 IST" duration-ms="7685">
    <groups>
    </groups>
    <test started-at="2021-03-25T10:55:48 IST" name="Test" finished-at="2021-03-25T10:55:55 IST" duration-ms="7685">
      <class name="com.pallav.LoadTest01">
        <test-method is-config="true" signature="beforeClass()[pri:0, instance:com.pallav.LoadTest01@2e1d27ba]" started-at="2021-03-25T10:55:48 IST" name="beforeClass" finished-at="2021-03-25T10:55:50 IST" duration-ms="2429" status="PASS">
          <reporter-output>
          </reporter-output>
        </test-method> <!-- beforeClass -->
        <test-method signature="f()[pri:0, instance:com.pallav.LoadTest01@2e1d27ba]" started-at="2021-03-25T10:55:50 IST" name="f" finished-at="2021-03-25T10:55:55 IST" duration-ms="4535" status="PASS">
          <reporter-output>
          </reporter-output>
        </test-method> <!-- f -->
        <test-method is-config="true" signature="afterClass()[pri:0, instance:com.pallav.LoadTest01@2e1d27ba]" started-at="2021-03-25T10:55:55 IST" name="afterClass" finished-at="2021-03-25T10:55:55 IST" duration-ms="681" status="PASS">
          <reporter-output>
          </reporter-output>
        </test-method> <!-- afterClass -->
      </class> <!-- com.pallav.LoadTest01 -->
    </test> <!-- Test -->
  </suite> <!-- Suite -->
</testng-results>
