<?xml version="1.0" encoding="UTF-8"?>
<!-- Generated by org.testng.reporters.JUnitXMLReporter -->
<testsuite ignored="0" hostname="Lucifer" failures="0" tests="3" name="Default test" time="68.112" errors="0" timestamp="2021-08-17T09:44:43 IST">
  <testcase classname="com.example.RegistrationAuto" name="Test2" time="11.285"/>
  <testcase classname="com.example.RegistrationAuto" name="Test3" time="16.117"/>
  <testcase classname="com.example.RegistrationAuto" name="test" time="31.047"/>
</testsuite> <!-- Default test -->
