<?xml version="1.0" encoding="UTF-8"?>
<testng-results ignored="0" total="1" passed="1" failed="0" skipped="0">
  <reporter-output>
  </reporter-output>
  <suite started-at="2021-07-07T12:58:32 IST" name="Default suite" finished-at="2021-07-07T12:58:40 IST" duration-ms="7528">
    <groups>
    </groups>
    <test started-at="2021-07-07T12:58:32 IST" name="Default test" finished-at="2021-07-07T12:58:40 IST" duration-ms="7528">
      <class name="com.example.Tester3">
        <test-method is-config="true" signature="setUp()[pri:0, instance:com.example.Tester3@338fc1d8]" started-at="2021-07-07T12:58:32 IST" name="setUp" finished-at="2021-07-07T12:58:35 IST" duration-ms="2551" status="PASS">
          <reporter-output>
          </reporter-output>
        </test-method> <!-- setUp -->
        <test-method signature="f()[pri:0, instance:com.example.Tester3@338fc1d8]" started-at="2021-07-07T12:58:35 IST" name="f" finished-at="2021-07-07T12:58:39 IST" duration-ms="4325" status="PASS">
          <reporter-output>
          </reporter-output>
        </test-method> <!-- f -->
        <test-method is-config="true" signature="tearDown()[pri:0, instance:com.example.Tester3@338fc1d8]" started-at="2021-07-07T12:58:39 IST" name="tearDown" finished-at="2021-07-07T12:58:40 IST" duration-ms="628" status="PASS">
          <reporter-output>
          </reporter-output>
        </test-method> <!-- tearDown -->
      </class> <!-- com.example.Tester3 -->
    </test> <!-- Default test -->
  </suite> <!-- Default suite -->
</testng-results>
