<?xml version="1.0" encoding="UTF-8"?>
<testng-results ignored="0" total="3" passed="3" failed="0" skipped="0">
  <reporter-output>
  </reporter-output>
  <suite started-at="2021-08-17T09:43:35 IST" name="Default suite" finished-at="2021-08-17T09:44:43 IST" duration-ms="68112">
    <groups>
    </groups>
    <test started-at="2021-08-17T09:43:35 IST" name="Default test" finished-at="2021-08-17T09:44:43 IST" duration-ms="68112">
      <class name="com.example.RegistrationAuto">
        <test-method is-config="true" signature="setUp()[pri:0, instance:com.example.RegistrationAuto@5b38c1ec]" started-at="2021-08-17T09:43:35 IST" name="setUp" finished-at="2021-08-17T09:43:44 IST" duration-ms="8991" status="PASS">
          <reporter-output>
          </reporter-output>
        </test-method> <!-- setUp -->
        <test-method signature="Test2()[pri:0, instance:com.example.RegistrationAuto@5b38c1ec]" started-at="2021-08-17T09:43:44 IST" name="Test2" finished-at="2021-08-17T09:43:55 IST" duration-ms="11285" status="PASS">
          <reporter-output>
          </reporter-output>
        </test-method> <!-- Test2 -->
        <test-method signature="Test3()[pri:0, instance:com.example.RegistrationAuto@5b38c1ec]" started-at="2021-08-17T09:43:55 IST" name="Test3" finished-at="2021-08-17T09:44:12 IST" duration-ms="16117" status="PASS">
          <reporter-output>
          </reporter-output>
        </test-method> <!-- Test3 -->
        <test-method signature="test()[pri:0, instance:com.example.RegistrationAuto@5b38c1ec]" started-at="2021-08-17T09:44:12 IST" name="test" finished-at="2021-08-17T09:44:43 IST" duration-ms="31047" status="PASS">
          <reporter-output>
          </reporter-output>
        </test-method> <!-- test -->
        <test-method is-config="true" signature="tearDown()[pri:0, instance:com.example.RegistrationAuto@5b38c1ec]" started-at="2021-08-17T09:44:43 IST" name="tearDown" finished-at="2021-08-17T09:44:43 IST" duration-ms="647" status="PASS">
          <reporter-output>
          </reporter-output>
        </test-method> <!-- tearDown -->
      </class> <!-- com.example.RegistrationAuto -->
    </test> <!-- Default test -->
  </suite> <!-- Default suite -->
</testng-results>
